<?xml version="1.0" encoding="UTF-8"?>
<testsuite name="com.BridgeLabz.generics.MaximumAnalyserTests" tests="1" skipped="0" failures="0" errors="0" timestamp="2020-04-04T14:25:14" hostname="rageshwari" time="0.003">
  <properties/>
  <testcase name="GivenThreeIntegers_findMaximumAt_thirdPosition" classname="com.BridgeLabz.generics.MaximumAnalyserTests" time="0.003"/>
  <system-out><![CDATA[]]></system-out>
  <system-err><![CDATA[]]></system-err>
</testsuite>
