<?xml version="1.0" encoding="UTF-8"?>
<testsuite name="com.BridgeLabz.generics.MaximumAnalyserTests" tests="1" skipped="0" failures="0" errors="0" timestamp="2020-04-04T14:56:25" hostname="rageshwari" time="0.002">
  <properties/>
  <testcase name="GivenThreeStrings_findMaximumAt_firstPosition_shuldReturnSameString" classname="com.BridgeLabz.generics.MaximumAnalyserTests" time="0.002"/>
  <system-out><![CDATA[]]></system-out>
  <system-err><![CDATA[]]></system-err>
</testsuite>
